<?xml version="1.0" encoding="UTF-8"?>
<testsuite xmlns:xsi="http://www.w3.org/2001/XMLSchema-instance" xsi:noNamespaceSchemaLocation="https://maven.apache.org/surefire/maven-surefire-plugin/xsd/surefire-test-report.xsd" name="org.cti_echipa6.cti35p6.dao.book.BookRepositoryTest" time="0.119" tests="7" errors="0" skipped="0" failures="0">
  <properties>
[...]
</properties>
  <testcase name="findBooksByPublicationDateBeforeTest" classname="org.cti_echipa6.cti35p6.dao.book.BookRepositoryTest" time="0.02"/>
  <testcase name="findBooksByPublicationDateTest" classname="org.cti_echipa6.cti35p6.dao.book.BookRepositoryTest" time="0.019"/>
  <testcase name="findBooksByPublicationDateAfterTest" classname="org.cti_echipa6.cti35p6.dao.book.BookRepositoryTest" time="0.016"/>
  <testcase name="findBooksByPublicationDateBetweenTest" classname="org.cti_echipa6.cti35p6.dao.book.BookRepositoryTest" time="0.016"/>
  <testcase name="findBooksByQuantityGreaterThanTest" classname="org.cti_echipa6.cti35p6.dao.book.BookRepositoryTest" time="0.014"/>
  <testcase name="findBooksByTitleLikeTest" classname="org.cti_echipa6.cti35p6.dao.book.BookRepositoryTest" time="0.013"/>
  <testcase name="findBooksByAuthorIdIsTest" classname="org.cti_echipa6.cti35p6.dao.book.BookRepositoryTest" time="0.013"/>
</testsuite>